# JRE version: Java(TM) SE Runtime Environment (8.0_201-b09) (build 1.8.0_201-b09)
# Java VM: Java HotSpot(TM) 64-Bit Server VM (25.201-b09 mixed mode windows-amd64 compressed oops)
Heap:
 PSYoungGen      total 34304K, used 20403K [0x00000000eb400000, 0x00000000efb80000, 0x0000000100000000)
  eden space 30208K, 53% used [0x00000000eb400000,0x00000000ec3ecc98,0x00000000ed180000)
  from space 4096K, 100% used [0x00000000ef780000,0x00000000efb80000,0x00000000efb80000)
  to   space 8192K, 0% used [0x00000000eeb80000,0x00000000eeb80000,0x00000000ef380000)
 ParOldGen       total 44032K, used 13958K [0x00000000c1c00000, 0x00000000c4700000, 0x00000000eb400000)
  object space 44032K, 31% used [0x00000000c1c00000,0x00000000c29a1ad8,0x00000000c4700000)
 Metaspace       used 18486K, capacity 18970K, committed 19072K, reserved 1067008K
  class space    used 2171K, capacity 2335K, committed 2432K, reserved 1048576K
GC Heap History (10 events):
Event: 3.934 GC heap before
{Heap before GC invocations=4 (full 0):
 PSYoungGen      total 18944K, used 18919K [0x00000000eb400000, 0x00000000ed900000, 0x0000000100000000)
  eden space 16384K, 100% used [0x00000000eb400000,0x00000000ec400000,0x00000000ec400000)
  from space 2560K, 99% used [0x00000000ec400000,0x00000000ec679ff8,0x00000000ec680000)
  to   space 2560K, 0% used [0x00000000ed680000,0x00000000ed680000,0x00000000ed900000)
 ParOldGen       total 44032K, used 3188K [0x00000000c1c00000, 0x00000000c4700000, 0x00000000eb400000)
  object space 44032K, 7% used [0x00000000c1c00000,0x00000000c1f1d2e0,0x00000000c4700000)
 Metaspace       used 11407K, capacity 11580K, committed 11776K, reserved 1058816K
  class space    used 1411K, capacity 1511K, committed 1536K, reserved 1048576K
Event: 3.949 GC heap after
Heap after GC invocations=4 (full 0):
 PSYoungGen      total 35328K, used 2528K [0x00000000eb400000, 0x00000000ed900000, 0x0000000100000000)
  eden space 32768K, 0% used [0x00000000eb400000,0x00000000eb400000,0x00000000ed400000)
  from space 2560K, 98% used [0x00000000ed680000,0x00000000ed8f8020,0x00000000ed900000)
  to   space 2560K, 0% used [0x00000000ed400000,0x00000000ed400000,0x00000000ed680000)
 ParOldGen       total 44032K, used 5202K [0x00000000c1c00000, 0x00000000c4700000, 0x00000000eb400000)
  object space 44032K, 11% used [0x00000000c1c00000,0x00000000c21149e8,0x00000000c4700000)
 Metaspace       used 11407K, capacity 11580K, committed 11776K, reserved 1058816K
  class space    used 1411K, capacity 1511K, committed 1536K, reserved 1048576K
}
Event: 9.383 GC heap before
{Heap before GC invocations=5 (full 0):
 PSYoungGen      total 35328K, used 35296K [0x00000000eb400000, 0x00000000ed900000, 0x0000000100000000)
  eden space 32768K, 100% used [0x00000000eb400000,0x00000000ed400000,0x00000000ed400000)
  from space 2560K, 98% used [0x00000000ed680000,0x00000000ed8f8020,0x00000000ed900000)
  to   space 2560K, 0% used [0x00000000ed400000,0x00000000ed400000,0x00000000ed680000)
 ParOldGen       total 44032K, used 5202K [0x00000000c1c00000, 0x00000000c4700000, 0x00000000eb400000)
  object space 44032K, 11% used [0x00000000c1c00000,0x00000000c21149e8,0x00000000c4700000)
 Metaspace       used 15146K, capacity 15410K, committed 15616K, reserved 1062912K
  class space    used 1842K, capacity 1944K, committed 2048K, reserved 1048576K
Event: 9.405 GC heap after
Heap after GC invocations=5 (full 0):
 PSYoungGen      total 35328K, used 2544K [0x00000000eb400000, 0x00000000f0200000, 0x0000000100000000)
  eden space 32768K, 0% used [0x00000000eb400000,0x00000000eb400000,0x00000000ed400000)
  from space 2560K, 99% used [0x00000000ed400000,0x00000000ed67c010,0x00000000ed680000)
  to   space 7168K, 0% used [0x00000000efb00000,0x00000000efb00000,0x00000000f0200000)
 ParOldGen       total 44032K, used 9760K [0x00000000c1c00000, 0x00000000c4700000, 0x00000000eb400000)
  object space 44032K, 22% used [0x00000000c1c00000,0x00000000c25882d0,0x00000000c4700000)
 Metaspace       used 15146K, capacity 15410K, committed 15616K, reserved 1062912K
  class space    used 1842K, capacity 1944K, committed 2048K, reserved 1048576K
}
Event: 15.459 GC heap before
{Heap before GC invocations=6 (full 0):
 PSYoungGen      total 35328K, used 35312K [0x00000000eb400000, 0x00000000f0200000, 0x0000000100000000)
  eden space 32768K, 100% used [0x00000000eb400000,0x00000000ed400000,0x00000000ed400000)
  from space 2560K, 99% used [0x00000000ed400000,0x00000000ed67c010,0x00000000ed680000)
  to   space 7168K, 0% used [0x00000000efb00000,0x00000000efb00000,0x00000000f0200000)
 ParOldGen       total 44032K, used 9760K [0x00000000c1c00000, 0x00000000c4700000, 0x00000000eb400000)
  object space 44032K, 22% used [0x00000000c1c00000,0x00000000c25882d0,0x00000000c4700000)
 Metaspace       used 15727K, capacity 15972K, committed 16128K, reserved 1062912K
  class space    used 1873K, capacity 1979K, committed 2048K, reserved 1048576K
Event: 15.496 GC heap after
Heap after GC invocations=6 (full 0):
 PSYoungGen      total 36864K, used 4900K [0x00000000eb400000, 0x00000000f0000000, 0x0000000100000000)
  eden space 31744K, 0% used [0x00000000eb400000,0x00000000eb400000,0x00000000ed300000)
  from space 5120K, 95% used [0x00000000efb00000,0x00000000effc92b8,0x00000000f0000000)
  to   space 7168K, 0% used [0x00000000ef200000,0x00000000ef200000,0x00000000ef900000)
 ParOldGen       total 44032K, used 9760K [0x00000000c1c00000, 0x00000000c4700000, 0x00000000eb400000)
  object space 44032K, 22% used [0x00000000c1c00000,0x00000000c25882d0,0x00000000c4700000)
 Metaspace       used 15727K, capacity 15972K, committed 16128K, reserved 1062912K
  class space    used 1873K, capacity 1979K, committed 2048K, reserved 1048576K
}
Event: 24.405 GC heap before
{Heap before GC invocations=7 (full 0):
 PSYoungGen      total 36864K, used 36644K [0x00000000eb400000, 0x00000000f0000000, 0x0000000100000000)
  eden space 31744K, 100% used [0x00000000eb400000,0x00000000ed300000,0x00000000ed300000)
  from space 5120K, 95% used [0x00000000efb00000,0x00000000effc92b8,0x00000000f0000000)
  to   space 7168K, 0% used [0x00000000ef200000,0x00000000ef200000,0x00000000ef900000)
 ParOldGen       total 44032K, used 9760K [0x00000000c1c00000, 0x00000000c4700000, 0x00000000eb400000)
  object space 44032K, 22% used [0x00000000c1c00000,0x00000000c25882d0,0x00000000c4700000)
 Metaspace       used 16294K, capacity 16604K, committed 16896K, reserved 1064960K
  class space    used 1910K, capacity 2019K, committed 2048K, reserved 1048576K
Event: 24.418 GC heap after
Heap after GC invocations=7 (full 0):
 PSYoungGen      total 36352K, used 5323K [0x00000000eb400000, 0x00000000efb80000, 0x0000000100000000)
  eden space 30720K, 0% used [0x00000000eb400000,0x00000000eb400000,0x00000000ed200000)
  from space 5632K, 94% used [0x00000000ef200000,0x00000000ef732c60,0x00000000ef780000)
  to   space 4096K, 0% used [0x00000000ef780000,0x00000000ef780000,0x00000000efb80000)
 ParOldGen       total 44032K, used 10652K [0x00000000c1c00000, 0x00000000c4700000, 0x00000000eb400000)
  object space 44032K, 24% used [0x00000000c1c00000,0x00000000c2667370,0x00000000c4700000)
 Metaspace       used 16294K, capacity 16604K, committed 16896K, reserved 1064960K
  class space    used 1910K, capacity 2019K, committed 2048K, reserved 1048576K
}
Event: 28.494 GC heap before
{Heap before GC invocations=8 (full 0):
 PSYoungGen      total 36352K, used 36043K [0x00000000eb400000, 0x00000000efb80000, 0x0000000100000000)
  eden space 30720K, 100% used [0x00000000eb400000,0x00000000ed200000,0x00000000ed200000)
  from space 5632K, 94% used [0x00000000ef200000,0x00000000ef732c60,0x00000000ef780000)
  to   space 4096K, 0% used [0x00000000ef780000,0x00000000ef780000,0x00000000efb80000)
 ParOldGen       total 44032K, used 10652K [0x00000000c1c00000, 0x00000000c4700000, 0x00000000eb400000)
  object space 44032K, 24% used [0x00000000c1c00000,0x00000000c2667370,0x00000000c4700000)
 Metaspace       used 17858K, capacity 18338K, committed 18432K, reserved 1064960K
  class space    used 2126K, capacity 2300K, committed 2304K, reserved 1048576K
Event: 28.541 GC heap after
Heap after GC invocations=8 (full 0):
 PSYoungGen      total 34304K, used 4096K [0x00000000eb400000, 0x00000000efb80000, 0x0000000100000000)
  eden space 30208K, 0% used [0x00000000eb400000,0x00000000eb400000,0x00000000ed180000)
  from space 4096K, 100% used [0x00000000ef780000,0x00000000efb80000,0x00000000efb80000)
  to   space 8192K, 0% used [0x00000000eeb80000,0x00000000eeb80000,0x00000000ef380000)
 ParOldGen       total 44032K, used 13958K [0x00000000c1c00000, 0x00000000c4700000, 0x00000000eb400000)
  object space 44032K, 31% used [0x00000000c1c00000,0x00000000c29a1ad8,0x00000000c4700000)
 Metaspace       used 17858K, capacity 18338K, committed 18432K, reserved 1064960K
  class space    used 2126K, capacity 2300K, committed 2304K, reserved 1048576K
}

