# JRE version: Java(TM) SE Runtime Environment (8.0_201-b09) (build 1.8.0_201-b09)
# Java VM: Java HotSpot(TM) 64-Bit Server VM (25.201-b09 mixed mode windows-amd64 compressed oops)
Heap:
 PSYoungGen      total 70144K, used 12143K [0x00000000eb400000, 0x00000000f0380000, 0x0000000100000000)
  eden space 62976K, 7% used [0x00000000eb400000,0x00000000eb8e2580,0x00000000ef180000)
  from space 7168K, 99% used [0x00000000ef400000,0x00000000efaf9750,0x00000000efb00000)
  to   space 8704K, 0% used [0x00000000efb00000,0x00000000efb00000,0x00000000f0380000)
 ParOldGen       total 44032K, used 11857K [0x00000000c1c00000, 0x00000000c4700000, 0x00000000eb400000)
  object space 44032K, 26% used [0x00000000c1c00000,0x00000000c2794570,0x00000000c4700000)
 Metaspace       used 18244K, capacity 18790K, committed 19072K, reserved 1067008K
  class space    used 2170K, capacity 2348K, committed 2432K, reserved 1048576K
GC Heap History (10 events):
Event: 3.666 GC heap before
{Heap before GC invocations=3 (full 0):
 PSYoungGen      total 18944K, used 18943K [0x00000000eb400000, 0x00000000ec900000, 0x0000000100000000)
  eden space 16384K, 100% used [0x00000000eb400000,0x00000000ec400000,0x00000000ec400000)
  from space 2560K, 99% used [0x00000000ec680000,0x00000000ec8ffdd0,0x00000000ec900000)
  to   space 2560K, 0% used [0x00000000ec400000,0x00000000ec400000,0x00000000ec680000)
 ParOldGen       total 44032K, used 1584K [0x00000000c1c00000, 0x00000000c4700000, 0x00000000eb400000)
  object space 44032K, 3% used [0x00000000c1c00000,0x00000000c1d8c0e8,0x00000000c4700000)
 Metaspace       used 9747K, capacity 9946K, committed 9984K, reserved 1058816K
  class space    used 1175K, capacity 1246K, committed 1280K, reserved 1048576K
Event: 3.678 GC heap after
Heap after GC invocations=3 (full 0):
 PSYoungGen      total 18944K, used 2551K [0x00000000eb400000, 0x00000000ed900000, 0x0000000100000000)
  eden space 16384K, 0% used [0x00000000eb400000,0x00000000eb400000,0x00000000ec400000)
  from space 2560K, 99% used [0x00000000ec400000,0x00000000ec67df60,0x00000000ec680000)
  to   space 2560K, 0% used [0x00000000ed680000,0x00000000ed680000,0x00000000ed900000)
 ParOldGen       total 44032K, used 3383K [0x00000000c1c00000, 0x00000000c4700000, 0x00000000eb400000)
  object space 44032K, 7% used [0x00000000c1c00000,0x00000000c1f4df80,0x00000000c4700000)
 Metaspace       used 9747K, capacity 9946K, committed 9984K, reserved 1058816K
  class space    used 1175K, capacity 1246K, committed 1280K, reserved 1048576K
}
Event: 4.510 GC heap before
{Heap before GC invocations=4 (full 0):
 PSYoungGen      total 18944K, used 18935K [0x00000000eb400000, 0x00000000ed900000, 0x0000000100000000)
  eden space 16384K, 100% used [0x00000000eb400000,0x00000000ec400000,0x00000000ec400000)
  from space 2560K, 99% used [0x00000000ec400000,0x00000000ec67df60,0x00000000ec680000)
  to   space 2560K, 0% used [0x00000000ed680000,0x00000000ed680000,0x00000000ed900000)
 ParOldGen       total 44032K, used 3383K [0x00000000c1c00000, 0x00000000c4700000, 0x00000000eb400000)
  object space 44032K, 7% used [0x00000000c1c00000,0x00000000c1f4df80,0x00000000c4700000)
 Metaspace       used 11533K, capacity 11708K, committed 11776K, reserved 1058816K
  class space    used 1427K, capacity 1511K, committed 1536K, reserved 1048576K
Event: 4.528 GC heap after
Heap after GC invocations=4 (full 0):
 PSYoungGen      total 35328K, used 2528K [0x00000000eb400000, 0x00000000ed900000, 0x0000000100000000)
  eden space 32768K, 0% used [0x00000000eb400000,0x00000000eb400000,0x00000000ed400000)
  from space 2560K, 98% used [0x00000000ed680000,0x00000000ed8f8040,0x00000000ed900000)
  to   space 2560K, 0% used [0x00000000ed400000,0x00000000ed400000,0x00000000ed680000)
 ParOldGen       total 44032K, used 5438K [0x00000000c1c00000, 0x00000000c4700000, 0x00000000eb400000)
  object space 44032K, 12% used [0x00000000c1c00000,0x00000000c214fbe8,0x00000000c4700000)
 Metaspace       used 11533K, capacity 11708K, committed 11776K, reserved 1058816K
  class space    used 1427K, capacity 1511K, committed 1536K, reserved 1048576K
}
Event: 7.284 GC heap before
{Heap before GC invocations=5 (full 0):
 PSYoungGen      total 35328K, used 35296K [0x00000000eb400000, 0x00000000ed900000, 0x0000000100000000)
  eden space 32768K, 100% used [0x00000000eb400000,0x00000000ed400000,0x00000000ed400000)
  from space 2560K, 98% used [0x00000000ed680000,0x00000000ed8f8040,0x00000000ed900000)
  to   space 2560K, 0% used [0x00000000ed400000,0x00000000ed400000,0x00000000ed680000)
 ParOldGen       total 44032K, used 5438K [0x00000000c1c00000, 0x00000000c4700000, 0x00000000eb400000)
  object space 44032K, 12% used [0x00000000c1c00000,0x00000000c214fbe8,0x00000000c4700000)
 Metaspace       used 15121K, capacity 15410K, committed 15616K, reserved 1062912K
  class space    used 1841K, capacity 1944K, committed 2048K, reserved 1048576K
Event: 7.296 GC heap after
Heap after GC invocations=5 (full 0):
 PSYoungGen      total 35328K, used 2544K [0x00000000eb400000, 0x00000000f0200000, 0x0000000100000000)
  eden space 32768K, 0% used [0x00000000eb400000,0x00000000eb400000,0x00000000ed400000)
  from space 2560K, 99% used [0x00000000ed400000,0x00000000ed67c030,0x00000000ed680000)
  to   space 7168K, 0% used [0x00000000efb00000,0x00000000efb00000,0x00000000f0200000)
 ParOldGen       total 44032K, used 10016K [0x00000000c1c00000, 0x00000000c4700000, 0x00000000eb400000)
  object space 44032K, 22% used [0x00000000c1c00000,0x00000000c25c8270,0x00000000c4700000)
 Metaspace       used 15121K, capacity 15410K, committed 15616K, reserved 1062912K
  class space    used 1841K, capacity 1944K, committed 2048K, reserved 1048576K
}
Event: 10.088 GC heap before
{Heap before GC invocations=6 (full 0):
 PSYoungGen      total 35328K, used 35312K [0x00000000eb400000, 0x00000000f0200000, 0x0000000100000000)
  eden space 32768K, 100% used [0x00000000eb400000,0x00000000ed400000,0x00000000ed400000)
  from space 2560K, 99% used [0x00000000ed400000,0x00000000ed67c030,0x00000000ed680000)
  to   space 7168K, 0% used [0x00000000efb00000,0x00000000efb00000,0x00000000f0200000)
 ParOldGen       total 44032K, used 10016K [0x00000000c1c00000, 0x00000000c4700000, 0x00000000eb400000)
  object space 44032K, 22% used [0x00000000c1c00000,0x00000000c25c8270,0x00000000c4700000)
 Metaspace       used 15852K, capacity 16126K, committed 16384K, reserved 1062912K
  class space    used 1897K, capacity 1984K, committed 2048K, reserved 1048576K
Event: 10.114 GC heap after
Heap after GC invocations=6 (full 0):
 PSYoungGen      total 72704K, used 5130K [0x00000000eb400000, 0x00000000f0200000, 0x0000000100000000)
  eden space 65536K, 0% used [0x00000000eb400000,0x00000000eb400000,0x00000000ef400000)
  from space 7168K, 71% used [0x00000000efb00000,0x00000000f0002a90,0x00000000f0200000)
  to   space 7168K, 0% used [0x00000000ef400000,0x00000000ef400000,0x00000000efb00000)
 ParOldGen       total 44032K, used 10016K [0x00000000c1c00000, 0x00000000c4700000, 0x00000000eb400000)
  object space 44032K, 22% used [0x00000000c1c00000,0x00000000c25c8270,0x00000000c4700000)
 Metaspace       used 15852K, capacity 16126K, committed 16384K, reserved 1062912K
  class space    used 1897K, capacity 1984K, committed 2048K, reserved 1048576K
}
Event: 29.627 GC heap before
{Heap before GC invocations=7 (full 0):
 PSYoungGen      total 72704K, used 70666K [0x00000000eb400000, 0x00000000f0200000, 0x0000000100000000)
  eden space 65536K, 100% used [0x00000000eb400000,0x00000000ef400000,0x00000000ef400000)
  from space 7168K, 71% used [0x00000000efb00000,0x00000000f0002a90,0x00000000f0200000)
  to   space 7168K, 0% used [0x00000000ef400000,0x00000000ef400000,0x00000000efb00000)
 ParOldGen       total 44032K, used 10016K [0x00000000c1c00000, 0x00000000c4700000, 0x00000000eb400000)
  object space 44032K, 22% used [0x00000000c1c00000,0x00000000c25c8270,0x00000000c4700000)
 Metaspace       used 17897K, capacity 18370K, committed 18432K, reserved 1064960K
  class space    used 2123K, capacity 2268K, committed 2304K, reserved 1048576K
Event: 29.692 GC heap after
Heap after GC invocations=7 (full 0):
 PSYoungGen      total 70144K, used 7141K [0x00000000eb400000, 0x00000000f0380000, 0x0000000100000000)
  eden space 62976K, 0% used [0x00000000eb400000,0x00000000eb400000,0x00000000ef180000)
  from space 7168K, 99% used [0x00000000ef400000,0x00000000efaf9750,0x00000000efb00000)
  to   space 8704K, 0% used [0x00000000efb00000,0x00000000efb00000,0x00000000f0380000)
 ParOldGen       total 44032K, used 11857K [0x00000000c1c00000, 0x00000000c4700000, 0x00000000eb400000)
  object space 44032K, 26% used [0x00000000c1c00000,0x00000000c2794570,0x00000000c4700000)
 Metaspace       used 17897K, capacity 18370K, committed 18432K, reserved 1064960K
  class space    used 2123K, capacity 2268K, committed 2304K, reserved 1048576K
}

